TN:
SF:C:\Users\ChuksJoe\Desktop\NODE.JS APPS\archangel-backend\src/index.js
FN:33,(anonymous_1)
FN:40,(anonymous_2)
FN:51,(anonymous_3)
FN:68,(anonymous_4)
FN:79,(anonymous_5)
FNF:5
FNH:1
FNDA:0,(anonymous_1)
FNDA:0,(anonymous_2)
FNDA:0,(anonymous_3)
FNDA:0,(anonymous_4)
FNDA:1,(anonymous_5)
DA:1,1
DA:2,1
DA:3,1
DA:4,1
DA:5,1
DA:6,1
DA:8,1
DA:9,1
DA:10,1
DA:11,1
DA:13,1
DA:14,1
DA:16,1
DA:17,1
DA:18,1
DA:20,1
DA:21,1
DA:22,1
DA:25,1
DA:26,1
DA:28,1
DA:31,1
DA:33,1
DA:34,0
DA:37,1
DA:40,1
DA:41,0
DA:42,0
DA:43,0
DA:50,1
DA:51,1
DA:52,0
DA:54,0
DA:56,0
DA:62,0
DA:68,1
DA:69,0
DA:70,0
DA:76,0
DA:79,1
DA:80,1
DA:84,1
LF:42
LH:31
BRDA:50,0,0,1
BRDA:50,0,1,0
BRDA:54,1,0,0
BRDA:54,1,1,0
BRDA:69,2,0,0
BRDA:69,2,1,0
BRDA:79,3,0,1
BRDA:79,3,1,0
BRF:8
BRH:2
end_of_record
TN:
SF:C:\Users\ChuksJoe\Desktop\NODE.JS APPS\archangel-backend\src\controllers/authControllers.js
FN:13,(anonymous_7)
FN:13,_callee
FNF:2
FNH:2
FNDA:2,(anonymous_7)
FNDA:3,_callee
DA:1,1
DA:2,1
DA:4,1
DA:5,1
DA:6,1
DA:8,1
DA:9,1
DA:10,1
DA:12,1
DA:13,13
DA:16,1
DA:18,1
DA:19,1
DA:21,1
DA:22,1
DA:23,1
DA:25,0
LF:17
LH:16
BRDA:13,0,0,1
BRDA:13,0,1,1
BRDA:13,0,2,0
BRDA:13,0,3,1
BRDA:13,0,4,1
BRF:5
BRH:4
end_of_record
TN:
SF:C:\Users\ChuksJoe\Desktop\NODE.JS APPS\archangel-backend\src\database/config.js
FNF:0
FNH:0
DA:9,3
LF:1
LH:1
BRF:0
BRH:0
end_of_record
TN:
SF:C:\Users\ChuksJoe\Desktop\NODE.JS APPS\archangel-backend\src\database\migrations\20190823125926-create-department.js
FN:2,(anonymous_0)
FN:29,(anonymous_1)
FNF:2
FNH:2
FNDA:1,(anonymous_0)
FNDA:1,(anonymous_1)
DA:1,2
DA:3,1
DA:30,1
LF:3
LH:3
BRF:0
BRH:0
end_of_record
TN:
SF:C:\Users\ChuksJoe\Desktop\NODE.JS APPS\archangel-backend\src\database\migrations\20190823135448-create-users.js
FN:2,(anonymous_0)
FN:77,(anonymous_1)
FNF:2
FNH:2
FNDA:1,(anonymous_0)
FNDA:1,(anonymous_1)
DA:1,2
DA:3,1
DA:78,1
LF:3
LH:3
BRF:0
BRH:0
end_of_record
TN:
SF:C:\Users\ChuksJoe\Desktop\NODE.JS APPS\archangel-backend\src\database\migrations\20190823140019-create-travel.js
FN:2,(anonymous_0)
FN:38,(anonymous_1)
FNF:2
FNH:2
FNDA:1,(anonymous_0)
FNDA:1,(anonymous_1)
DA:1,2
DA:3,1
DA:39,1
LF:3
LH:3
BRF:0
BRH:0
end_of_record
TN:
SF:C:\Users\ChuksJoe\Desktop\NODE.JS APPS\archangel-backend\src\database\migrations\20190823140048-create-accommodation.js
FN:2,(anonymous_0)
FN:36,(anonymous_1)
FNF:2
FNH:2
FNDA:1,(anonymous_0)
FNDA:1,(anonymous_1)
DA:1,2
DA:3,1
DA:37,1
LF:3
LH:3
BRF:0
BRH:0
end_of_record
TN:
SF:C:\Users\ChuksJoe\Desktop\NODE.JS APPS\archangel-backend\src\database\models/accommodation.js
FN:1,(anonymous_0)
FN:9,(anonymous_1)
FNF:2
FNH:2
FNDA:1,(anonymous_0)
FNDA:1,(anonymous_1)
DA:1,1
DA:2,1
DA:9,1
DA:10,1
DA:15,1
LF:5
LH:5
BRF:0
BRH:0
end_of_record
TN:
SF:C:\Users\ChuksJoe\Desktop\NODE.JS APPS\archangel-backend\src\database\models/department.js
FN:1,(anonymous_0)
FNF:1
FNH:1
FNDA:1,(anonymous_0)
DA:1,1
DA:2,1
DA:8,1
LF:3
LH:3
BRF:0
BRH:0
end_of_record
TN:
SF:C:\Users\ChuksJoe\Desktop\NODE.JS APPS\archangel-backend\src\database\models/dummy_table.js
FN:1,(anonymous_0)
FNF:1
FNH:1
FNDA:1,(anonymous_0)
DA:1,1
DA:2,1
DA:7,1
LF:3
LH:3
BRF:0
BRH:0
end_of_record
TN:
SF:C:\Users\ChuksJoe\Desktop\NODE.JS APPS\archangel-backend\src\database\models/index.js
FN:28,(anonymous_1)
FN:32,(anonymous_2)
FN:37,(anonymous_3)
FNF:3
FNH:3
FNDA:6,(anonymous_1)
FNDA:5,(anonymous_2)
FNDA:5,(anonymous_3)
DA:1,1
DA:2,1
DA:3,1
DA:4,1
DA:6,1
DA:8,1
DA:9,1
DA:11,1
DA:15,1
DA:16,0
DA:18,1
DA:26,1
DA:28,6
DA:33,5
DA:34,5
DA:37,1
DA:38,5
DA:39,3
DA:43,1
DA:44,1
DA:46,1
LF:21
LH:20
BRDA:8,0,0,1
BRDA:8,0,1,0
BRDA:15,1,0,0
BRDA:15,1,1,1
BRDA:28,2,0,6
BRDA:28,2,1,6
BRDA:28,2,2,5
BRDA:38,3,0,3
BRDA:38,3,1,2
BRF:9
BRH:7
end_of_record
TN:
SF:C:\Users\ChuksJoe\Desktop\NODE.JS APPS\archangel-backend\src\database\models/travel.js
FN:1,(anonymous_0)
FN:10,(anonymous_1)
FNF:2
FNH:2
FNDA:1,(anonymous_0)
FNDA:1,(anonymous_1)
DA:1,1
DA:2,1
DA:10,1
DA:11,1
DA:16,1
LF:5
LH:5
BRF:0
BRH:0
end_of_record
TN:
SF:C:\Users\ChuksJoe\Desktop\NODE.JS APPS\archangel-backend\src\database\models/users.js
FN:3,_default
FN:21,(anonymous_1)
FN:30,(anonymous_2)
FNF:3
FNH:3
FNDA:1,_default
FNDA:1,(anonymous_1)
FNDA:1,(anonymous_2)
DA:1,1
DA:3,1
DA:4,1
DA:5,1
DA:21,1
DA:22,1
DA:26,1
DA:30,1
DA:31,1
DA:34,1
LF:10
LH:10
BRF:0
BRH:0
end_of_record
TN:
SF:C:\Users\ChuksJoe\Desktop\NODE.JS APPS\archangel-backend\src\routes\api/authRoutes.js
FNF:0
FNH:0
DA:1,1
DA:3,1
DA:4,1
DA:6,1
DA:7,1
DA:8,1
DA:11,1
DA:13,1
LF:8
LH:8
BRF:0
BRH:0
end_of_record
TN:
SF:C:\Users\ChuksJoe\Desktop\NODE.JS APPS\archangel-backend\src\routes\api/index.js
FN:3,_default
FNF:1
FNH:1
FNDA:1,_default
DA:1,1
DA:3,1
DA:4,1
LF:3
LH:3
BRF:0
BRH:0
end_of_record
TN:
SF:C:\Users\ChuksJoe\Desktop\NODE.JS APPS\archangel-backend\src\services/authServices.js
FN:8,(anonymous_7)
FN:8,_callee
FN:15,(anonymous_11)
FN:15,_callee2
FNF:4
FNH:4
FNDA:2,(anonymous_7)
FNDA:4,_callee
FNDA:8,(anonymous_11)
FNDA:28,_callee2
DA:1,1
DA:2,1
DA:3,1
DA:5,1
DA:7,1
DA:8,12
DA:15,84
LF:7
LH:7
BRDA:8,0,0,1
BRDA:8,0,1,1
BRDA:8,0,2,0
BRDA:8,0,3,0
BRDA:8,0,4,1
BRDA:15,1,0,7
BRDA:15,1,1,7
BRDA:15,1,2,0
BRDA:15,1,3,0
BRDA:15,1,4,7
BRF:10
BRH:6
end_of_record
TN:
SF:C:\Users\ChuksJoe\Desktop\NODE.JS APPS\archangel-backend\src\tests/authTest.js
FN:14,(anonymous_2)
FN:21,(anonymous_3)
FN:26,(anonymous_4)
FN:37,(anonymous_5)
FN:44,(anonymous_6)
FN:51,(anonymous_7)
FN:55,(anonymous_8)
FN:62,(anonymous_9)
FN:70,(anonymous_10)
FN:77,(anonymous_11)
FN:85,(anonymous_12)
FN:92,(anonymous_13)
FN:100,(anonymous_14)
FN:107,(anonymous_15)
FN:115,(anonymous_16)
FNF:15
FNH:15
FNDA:1,(anonymous_2)
FNDA:1,(anonymous_3)
FNDA:1,(anonymous_4)
FNDA:1,(anonymous_5)
FNDA:1,(anonymous_6)
FNDA:1,(anonymous_7)
FNDA:1,(anonymous_8)
FNDA:1,(anonymous_9)
FNDA:1,(anonymous_10)
FNDA:1,(anonymous_11)
FNDA:1,(anonymous_12)
FNDA:1,(anonymous_13)
FNDA:1,(anonymous_14)
FNDA:1,(anonymous_15)
FNDA:1,(anonymous_16)
DA:2,1
DA:3,1
DA:4,1
DA:6,1
DA:8,1
DA:10,1
DA:12,1
DA:14,1
DA:15,1
DA:21,1
DA:22,1
DA:27,1
DA:28,1
DA:29,1
DA:34,1
DA:37,1
DA:38,1
DA:39,1
DA:41,1
DA:45,1
DA:46,1
DA:48,1
DA:51,1
DA:52,1
DA:56,1
DA:57,1
DA:59,1
DA:62,1
DA:63,1
DA:64,1
DA:65,1
DA:67,1
DA:71,1
DA:72,1
DA:74,1
DA:77,1
DA:78,1
DA:79,1
DA:80,1
DA:82,1
DA:86,1
DA:87,1
DA:89,1
DA:92,1
DA:93,1
DA:94,1
DA:95,1
DA:97,1
DA:101,1
DA:102,1
DA:104,1
DA:107,1
DA:108,1
DA:109,1
DA:110,1
DA:112,1
DA:116,1
DA:117,1
DA:119,1
LF:59
LH:59
BRF:0
BRH:0
end_of_record
TN:
SF:C:\Users\ChuksJoe\Desktop\NODE.JS APPS\archangel-backend\src\tests/index.js
FN:4,(anonymous_1)
FN:5,(anonymous_2)
FN:9,(anonymous_3)
FNF:3
FNH:3
FNDA:1,(anonymous_1)
FNDA:1,(anonymous_2)
FNDA:1,(anonymous_3)
DA:1,1
DA:2,1
DA:4,1
DA:5,1
DA:6,1
DA:9,1
DA:10,1
LF:7
LH:7
BRF:0
BRH:0
end_of_record
TN:
SF:C:\Users\ChuksJoe\Desktop\NODE.JS APPS\archangel-backend\src\utils/authUtils.js
FN:10,generateToken
FN:16,(anonymous_8)
FN:16,_callee
FNF:3
FNH:2
FNDA:1,generateToken
FNDA:1,(anonymous_8)
FNDA:0,_callee
DA:1,1
DA:2,1
DA:4,1
DA:6,1
DA:9,1
DA:11,1
DA:12,1
DA:14,1
DA:16,2
DA:17,0
DA:25,0
LF:11
LH:9
BRDA:16,0,0,0
BRDA:16,0,1,0
BRDA:16,0,2,0
BRDA:16,0,3,0
BRDA:16,0,4,0
BRDA:16,0,5,0
BRDA:17,1,0,0
BRDA:17,1,1,0
BRDA:17,1,2,0
BRDA:17,1,3,0
BRDA:16,2,0,0
BRDA:16,2,1,0
BRF:12
BRH:0
end_of_record
TN:
SF:C:\Users\ChuksJoe\Desktop\NODE.JS APPS\archangel-backend\src\utils/index.js
FN:2,testFunction
FN:3,testBabel
FNF:2
FNH:2
FNDA:1,testFunction
FNDA:1,testBabel
DA:1,1
DA:2,1
DA:5,1
DA:6,1
DA:8,1
LF:5
LH:5
BRF:0
BRH:0
end_of_record
TN:
SF:C:\Users\ChuksJoe\Desktop\NODE.JS APPS\archangel-backend\src\utils/messageUtils.js
FN:8,signupSuccess
FN:11,usedEmail
FNF:2
FNH:2
FNDA:1,signupSuccess
FNDA:1,usedEmail
DA:2,1
DA:8,1
DA:11,1
LF:3
LH:3
BRF:0
BRH:0
end_of_record
TN:
SF:C:\Users\ChuksJoe\Desktop\NODE.JS APPS\archangel-backend\src\utils/response.js
FN:10,successResponse
FN:14,successResponseWithData
FN:19,errorResponse
FNF:3
FNH:2
FNDA:0,successResponse
FNDA:1,successResponseWithData
FNDA:6,errorResponse
DA:9,1
DA:10,0
DA:14,1
DA:19,6
LF:4
LH:3
BRF:0
BRH:0
end_of_record
TN:
SF:C:\Users\ChuksJoe\Desktop\NODE.JS APPS\archangel-backend\src\utils/statusCode.js
FNF:0
FNH:0
DA:1,1
LF:1
LH:1
BRF:0
BRH:0
end_of_record
TN:
SF:C:\Users\ChuksJoe\Desktop\NODE.JS APPS\archangel-backend\src\validation/authValidation.js
FN:17,(anonymous_1)
FN:18,(anonymous_2)
FN:35,validateResult
FN:39,(anonymous_4)
FNF:4
FNH:4
FNDA:7,(anonymous_1)
FNDA:7,(anonymous_2)
FNDA:7,validateResult
FNDA:7,(anonymous_4)
DA:1,1
DA:3,1
DA:4,1
DA:5,1
DA:6,1
DA:8,1
DA:10,1
DA:12,1
DA:17,7
DA:19,7
DA:20,1
DA:36,7
DA:37,7
DA:38,6
DA:39,6
DA:40,7
DA:42,6
DA:44,1
LF:18
LH:18
BRDA:19,0,0,1
BRDA:19,0,1,6
BRDA:37,1,0,6
BRDA:37,1,1,1
BRF:4
BRH:4
end_of_record
