TN:
SF:C:\Users\ChuksJoe\Desktop\NODE.JS APPS\archangel-backend\src/index.js
FN:41,(anonymous_1)
FN:45,(anonymous_2)
FN:53,(anonymous_3)
FN:58,(anonymous_4)
FN:80,(anonymous_5)
FN:91,(anonymous_6)
FN:108,(anonymous_7)
FN:119,(anonymous_8)
FNF:8
FNH:1
FNDA:0,(anonymous_1)
FNDA:0,(anonymous_2)
FNDA:0,(anonymous_3)
FNDA:0,(anonymous_4)
FNDA:0,(anonymous_5)
FNDA:0,(anonymous_6)
FNDA:0,(anonymous_7)
FNDA:1,(anonymous_8)
DA:2,1
DA:3,1
DA:4,1
DA:5,1
DA:6,1
DA:7,1
DA:8,1
DA:9,1
DA:11,1
DA:12,1
DA:13,1
DA:14,1
DA:15,1
DA:17,1
DA:18,1
DA:21,1
DA:24,1
DA:25,1
DA:27,1
DA:28,1
DA:29,1
DA:32,1
DA:33,1
DA:35,1
DA:38,1
DA:39,1
DA:41,1
DA:42,0
DA:45,1
DA:46,0
DA:50,1
DA:53,1
DA:54,0
DA:58,1
DA:59,0
DA:62,1
DA:65,1
DA:74,1
DA:75,1
DA:80,1
DA:81,0
DA:82,0
DA:83,0
DA:90,1
DA:91,1
DA:92,0
DA:94,0
DA:96,0
DA:102,0
DA:108,1
DA:109,0
DA:110,0
DA:116,0
DA:119,1
DA:120,1
DA:124,1
LF:56
LH:42
BRDA:24,0,0,1
BRDA:24,0,1,0
BRDA:90,1,0,1
BRDA:90,1,1,0
BRDA:94,2,0,0
BRDA:94,2,1,0
BRDA:109,3,0,0
BRDA:109,3,1,0
BRF:8
BRH:2
end_of_record
TN:
SF:C:\Users\ChuksJoe\Desktop\NODE.JS APPS\archangel-backend\src\config/passport.js
FN:10,(anonymous_11)
FN:16,_callee
FN:45,(anonymous_15)
FN:51,_callee2
FNF:4
FNH:2
FNDA:1,(anonymous_11)
FNDA:0,_callee
FNDA:1,(anonymous_15)
FNDA:0,_callee2
DA:1,1
DA:2,1
DA:3,1
DA:4,1
DA:6,1
DA:8,1
DA:10,3
DA:16,0
DA:18,0
DA:19,0
DA:20,0
DA:26,0
DA:29,0
DA:45,3
DA:51,0
DA:53,0
DA:54,0
DA:56,0
DA:62,0
LF:19
LH:8
BRDA:16,0,0,0
BRDA:16,0,1,0
BRDA:16,0,2,0
BRDA:16,0,3,0
BRDA:16,0,4,0
BRDA:16,0,5,0
BRDA:16,0,6,0
BRDA:18,1,0,0
BRDA:18,1,1,0
BRDA:16,2,0,0
BRDA:16,2,1,0
BRDA:51,3,0,0
BRDA:51,3,1,0
BRDA:51,3,2,0
BRDA:51,3,3,0
BRDA:51,3,4,0
BRDA:51,3,5,0
BRDA:51,3,6,0
BRDA:51,4,0,0
BRDA:51,4,1,0
BRF:20
BRH:0
end_of_record
TN:
SF:C:\Users\ChuksJoe\Desktop\NODE.JS APPS\archangel-backend\src\controllers/authControllers.js
FN:15,(anonymous_15)
FN:15,_callee
FN:31,(anonymous_19)
FN:31,_callee2
FN:48,(anonymous_23)
FN:48,_callee3
FN:69,(anonymous_27)
FN:69,_callee4
FNF:8
FNH:7
FNDA:4,(anonymous_15)
FNDA:9,_callee
FNDA:1,(anonymous_19)
FNDA:0,_callee2
FNDA:6,(anonymous_23)
FNDA:24,_callee3
FNDA:2,(anonymous_27)
FNDA:3,_callee4
DA:1,1
DA:3,1
DA:4,1
DA:5,1
DA:6,1
DA:7,1
DA:10,1
DA:11,1
DA:12,1
DA:14,1
DA:15,39
DA:18,3
DA:20,3
DA:21,3
DA:23,3
DA:24,3
DA:25,3
DA:27,0
DA:31,2
DA:32,0
DA:35,0
DA:42,0
DA:44,0
DA:48,119
DA:51,5
DA:56,4
DA:61,3
DA:65,2
DA:69,12
DA:71,1
DA:73,1
DA:75,0
LF:32
LH:26
BRDA:15,0,0,3
BRDA:15,0,1,3
BRDA:15,0,2,0
BRDA:15,0,3,3
BRDA:15,0,4,3
BRDA:27,1,0,0
BRDA:27,1,1,0
BRDA:31,2,0,0
BRDA:31,2,1,0
BRDA:31,2,2,0
BRDA:48,3,0,5
BRDA:48,3,1,5
BRDA:48,3,2,4
BRDA:48,3,3,4
BRDA:48,3,4,3
BRDA:48,3,5,0
BRDA:48,3,6,2
BRDA:48,3,7,2
BRDA:48,3,8,5
BRDA:48,4,0,7
BRDA:48,4,1,2
BRDA:52,5,0,5
BRDA:52,5,1,4
BRDA:65,6,0,2
BRDA:65,6,1,0
BRDA:69,7,0,1
BRDA:69,7,1,1
BRDA:69,7,2,0
BRDA:69,7,3,1
BRDA:69,7,4,1
BRF:30
BRH:21
end_of_record
TN:
SF:C:\Users\ChuksJoe\Desktop\NODE.JS APPS\archangel-backend\src\controllers/commentControllers.js
FN:11,(anonymous_7)
FN:11,_callee
FNF:2
FNH:2
FNDA:2,(anonymous_7)
FNDA:3,_callee
DA:1,1
DA:3,1
DA:4,1
DA:5,1
DA:7,1
DA:8,1
DA:10,1
DA:11,13
DA:13,1
DA:16,1
DA:22,1
DA:24,1
DA:26,1
DA:33,0
LF:14
LH:13
BRDA:11,0,0,1
BRDA:11,0,1,1
BRDA:11,0,2,0
BRDA:11,0,3,1
BRDA:11,0,4,1
BRF:5
BRH:4
end_of_record
TN:
SF:C:\Users\ChuksJoe\Desktop\NODE.JS APPS\archangel-backend\src\controllers/travelControllers.js
FN:10,(anonymous_7)
FN:10,_callee
FNF:2
FNH:2
FNDA:2,(anonymous_7)
FNDA:3,_callee
DA:1,1
DA:2,1
DA:3,1
DA:4,1
DA:6,1
DA:7,1
DA:9,1
DA:10,13
DA:13,1
DA:15,1
DA:17,1
DA:19,1
DA:21,0
LF:13
LH:12
BRDA:10,0,0,1
BRDA:10,0,1,1
BRDA:10,0,2,0
BRDA:10,0,3,1
BRDA:10,0,4,1
BRF:5
BRH:4
end_of_record
TN:
SF:C:\Users\ChuksJoe\Desktop\NODE.JS APPS\archangel-backend\src\database/config.js
FNF:0
FNH:0
DA:9,4
LF:1
LH:1
BRF:0
BRH:0
end_of_record
TN:
SF:C:\Users\ChuksJoe\Desktop\NODE.JS APPS\archangel-backend\src\database\migrations\20190823125926-create-department.js
FN:2,(anonymous_0)
FN:29,(anonymous_1)
FNF:2
FNH:2
FNDA:1,(anonymous_0)
FNDA:1,(anonymous_1)
DA:1,2
DA:3,1
DA:30,1
LF:3
LH:3
BRF:0
BRH:0
end_of_record
TN:
SF:C:\Users\ChuksJoe\Desktop\NODE.JS APPS\archangel-backend\src\database\migrations\20190823135448-create-users.js
FN:2,(anonymous_0)
FN:77,(anonymous_1)
FNF:2
FNH:2
FNDA:1,(anonymous_0)
FNDA:1,(anonymous_1)
DA:1,2
DA:3,1
DA:78,1
LF:3
LH:3
BRF:0
BRH:0
end_of_record
TN:
SF:C:\Users\ChuksJoe\Desktop\NODE.JS APPS\archangel-backend\src\database\migrations\20190823140019-create-travel.js
FN:2,(anonymous_0)
FN:38,(anonymous_1)
FNF:2
FNH:2
FNDA:1,(anonymous_0)
FNDA:1,(anonymous_1)
DA:1,2
DA:3,1
DA:39,1
LF:3
LH:3
BRF:0
BRH:0
end_of_record
TN:
SF:C:\Users\ChuksJoe\Desktop\NODE.JS APPS\archangel-backend\src\database\migrations\20190823140048-create-accommodation.js
FN:2,(anonymous_0)
FN:36,(anonymous_1)
FNF:2
FNH:2
FNDA:1,(anonymous_0)
FNDA:1,(anonymous_1)
DA:1,2
DA:3,1
DA:37,1
LF:3
LH:3
BRF:0
BRH:0
end_of_record
TN:
SF:C:\Users\ChuksJoe\Desktop\NODE.JS APPS\archangel-backend\src\database\migrations\20190827115953-create-blacklists.js
FN:2,(anonymous_0)
FN:23,(anonymous_1)
FNF:2
FNH:2
FNDA:1,(anonymous_0)
FNDA:1,(anonymous_1)
DA:1,2
DA:3,1
DA:24,1
LF:3
LH:3
BRF:0
BRH:0
end_of_record
TN:
SF:C:\Users\ChuksJoe\Desktop\NODE.JS APPS\archangel-backend\src\database\migrations\20190902110720-create-comments.js
FN:3,(anonymous_0)
FN:39,(anonymous_1)
FNF:2
FNH:2
FNDA:1,(anonymous_0)
FNDA:1,(anonymous_1)
DA:2,2
DA:3,1
DA:40,1
LF:3
LH:3
BRF:0
BRH:0
end_of_record
TN:
SF:C:\Users\ChuksJoe\Desktop\NODE.JS APPS\archangel-backend\src\database\models/accommodation.js
FN:1,(anonymous_0)
FN:9,(anonymous_1)
FNF:2
FNH:2
FNDA:1,(anonymous_0)
FNDA:1,(anonymous_1)
DA:1,1
DA:2,1
DA:9,1
DA:10,1
DA:15,1
LF:5
LH:5
BRF:0
BRH:0
end_of_record
TN:
SF:C:\Users\ChuksJoe\Desktop\NODE.JS APPS\archangel-backend\src\database\models/blacklists.js
FN:1,(anonymous_0)
FNF:1
FNH:1
FNDA:1,(anonymous_0)
DA:1,1
DA:2,1
DA:5,1
LF:3
LH:3
BRF:0
BRH:0
end_of_record
TN:
SF:C:\Users\ChuksJoe\Desktop\NODE.JS APPS\archangel-backend\src\database\models/comments.js
FN:1,_default
FNF:1
FNH:1
FNDA:1,_default
DA:1,1
DA:2,1
DA:9,1
LF:3
LH:3
BRF:0
BRH:0
end_of_record
TN:
SF:C:\Users\ChuksJoe\Desktop\NODE.JS APPS\archangel-backend\src\database\models/department.js
FN:1,(anonymous_0)
FNF:1
FNH:1
FNDA:1,(anonymous_0)
DA:1,1
DA:2,1
DA:8,1
LF:3
LH:3
BRF:0
BRH:0
end_of_record
TN:
SF:C:\Users\ChuksJoe\Desktop\NODE.JS APPS\archangel-backend\src\database\models/dummy_table.js
FN:1,(anonymous_0)
FNF:1
FNH:1
FNDA:1,(anonymous_0)
DA:1,1
DA:2,1
DA:7,1
LF:3
LH:3
BRF:0
BRH:0
end_of_record
TN:
SF:C:\Users\ChuksJoe\Desktop\NODE.JS APPS\archangel-backend\src\database\models/index.js
FN:28,(anonymous_1)
FN:32,(anonymous_2)
FN:37,(anonymous_3)
FNF:3
FNH:3
FNDA:8,(anonymous_1)
FNDA:7,(anonymous_2)
FNDA:7,(anonymous_3)
DA:1,1
DA:2,1
DA:3,1
DA:4,1
DA:6,1
DA:8,1
DA:9,1
DA:11,1
DA:15,1
DA:16,0
DA:18,1
DA:26,1
DA:28,8
DA:33,7
DA:34,7
DA:37,1
DA:38,7
DA:39,3
DA:43,1
DA:44,1
DA:46,1
LF:21
LH:20
BRDA:8,0,0,1
BRDA:8,0,1,0
BRDA:15,1,0,0
BRDA:15,1,1,1
BRDA:28,2,0,8
BRDA:28,2,1,8
BRDA:28,2,2,7
BRDA:38,3,0,3
BRDA:38,3,1,4
BRF:9
BRH:7
end_of_record
TN:
SF:C:\Users\ChuksJoe\Desktop\NODE.JS APPS\archangel-backend\src\database\models/travel.js
FN:1,(anonymous_0)
FN:10,(anonymous_1)
FNF:2
FNH:2
FNDA:1,(anonymous_0)
FNDA:1,(anonymous_1)
DA:1,1
DA:2,1
DA:10,1
DA:11,1
DA:16,1
LF:5
LH:5
BRF:0
BRH:0
end_of_record
TN:
SF:C:\Users\ChuksJoe\Desktop\NODE.JS APPS\archangel-backend\src\database\models/users.js
FN:3,_default
FN:21,(anonymous_1)
FN:30,(anonymous_2)
FNF:3
FNH:3
FNDA:1,_default
FNDA:1,(anonymous_1)
FNDA:3,(anonymous_2)
DA:1,1
DA:3,1
DA:4,1
DA:5,1
DA:21,1
DA:22,1
DA:26,1
DA:30,1
DA:31,3
DA:34,1
LF:10
LH:10
BRF:0
BRH:0
end_of_record
TN:
SF:C:\Users\ChuksJoe\Desktop\NODE.JS APPS\archangel-backend\src\database\seeders\20190823204056-users.js
FN:2,(anonymous_0)
FN:42,(anonymous_1)
FNF:2
FNH:1
FNDA:1,(anonymous_0)
FNDA:0,(anonymous_1)
DA:1,1
DA:3,1
DA:43,0
LF:3
LH:2
BRF:0
BRH:0
end_of_record
TN:
SF:C:\Users\ChuksJoe\Desktop\NODE.JS APPS\archangel-backend\src\database\seeders\20190824033354-department.js
FN:2,(anonymous_0)
FN:22,(anonymous_1)
FNF:2
FNH:1
FNDA:1,(anonymous_0)
FNDA:0,(anonymous_1)
DA:1,1
DA:3,1
DA:23,0
LF:3
LH:2
BRF:0
BRH:0
end_of_record
TN:
SF:C:\Users\ChuksJoe\Desktop\NODE.JS APPS\archangel-backend\src\database\seeders\20190824033956-travel.js
FN:2,(anonymous_0)
FN:28,(anonymous_1)
FNF:2
FNH:1
FNDA:1,(anonymous_0)
FNDA:0,(anonymous_1)
DA:1,1
DA:3,1
DA:29,0
LF:3
LH:2
BRF:0
BRH:0
end_of_record
TN:
SF:C:\Users\ChuksJoe\Desktop\NODE.JS APPS\archangel-backend\src\database\seeders\20190824034012-accommodation.js
FN:2,(anonymous_0)
FN:24,(anonymous_1)
FNF:2
FNH:1
FNDA:1,(anonymous_0)
FNDA:0,(anonymous_1)
DA:1,1
DA:3,1
DA:25,0
LF:3
LH:2
BRF:0
BRH:0
end_of_record
TN:
SF:C:\Users\ChuksJoe\Desktop\NODE.JS APPS\archangel-backend\src\middlewares/tokenMiddleware.js
FN:16,generateToken
FN:24,getToken
FN:34,verifyToken
FN:35,(anonymous_4)
FNF:4
FNH:4
FNDA:6,generateToken
FNDA:17,getToken
FNDA:15,verifyToken
FNDA:15,(anonymous_4)
DA:1,1
DA:2,1
DA:4,1
DA:5,1
DA:6,1
DA:8,1
DA:10,1
DA:12,1
DA:15,1
DA:17,6
DA:20,6
DA:22,6
DA:25,17
DA:26,17
DA:27,15
DA:28,15
DA:29,15
DA:30,15
DA:32,2
DA:35,15
DA:36,15
DA:37,1
DA:39,14
DA:40,14
LF:24
LH:24
BRDA:26,0,0,15
BRDA:26,0,1,2
BRDA:36,1,0,1
BRDA:36,1,1,14
BRF:4
BRH:4
end_of_record
TN:
SF:C:\Users\ChuksJoe\Desktop\NODE.JS APPS\archangel-backend\src\middlewares/userMiddlewares.js
FN:11,(anonymous_7)
FN:11,_callee
FNF:2
FNH:2
FNDA:7,(anonymous_7)
FNDA:23,_callee
DA:1,1
DA:3,1
DA:4,1
DA:5,1
DA:7,1
DA:8,1
DA:10,1
DA:11,100
DA:12,6
DA:17,5
DA:21,4
LF:11
LH:11
BRDA:11,0,0,6
BRDA:11,0,1,5
BRDA:11,0,2,5
BRDA:11,0,3,4
BRDA:11,0,4,0
BRDA:11,0,5,6
BRDA:11,1,0,9
BRDA:11,1,1,2
BRDA:13,2,0,6
BRDA:13,2,1,6
BRDA:13,2,2,6
BRF:11
BRH:10
end_of_record
TN:
SF:C:\Users\ChuksJoe\Desktop\NODE.JS APPS\archangel-backend\src\routes\api/authRoutes.js
FNF:0
FNH:0
DA:1,1
DA:2,1
DA:4,1
DA:5,1
DA:6,1
DA:8,1
DA:11,1
DA:12,1
DA:13,1
DA:16,1
DA:20,1
DA:22,1
DA:25,1
DA:28,1
DA:34,1
DA:37,1
DA:44,1
DA:47,1
DA:49,1
DA:51,1
LF:20
LH:20
BRF:0
BRH:0
end_of_record
TN:
SF:C:\Users\ChuksJoe\Desktop\NODE.JS APPS\archangel-backend\src\routes\api/commentRoutes.js
FNF:0
FNH:0
DA:1,1
DA:3,1
DA:4,1
DA:5,1
DA:6,1
DA:8,1
DA:9,1
DA:10,1
DA:11,1
DA:12,1
DA:15,1
DA:25,1
LF:12
LH:12
BRF:0
BRH:0
end_of_record
TN:
SF:C:\Users\ChuksJoe\Desktop\NODE.JS APPS\archangel-backend\src\routes\api/index.js
FN:5,_default
FNF:1
FNH:1
FNDA:1,_default
DA:1,1
DA:2,1
DA:3,1
DA:5,1
DA:6,1
DA:7,1
DA:8,1
LF:7
LH:7
BRF:0
BRH:0
end_of_record
TN:
SF:C:\Users\ChuksJoe\Desktop\NODE.JS APPS\archangel-backend\src\routes\api/travelRoute.js
FNF:0
FNH:0
DA:1,1
DA:3,1
DA:4,1
DA:5,1
DA:7,1
DA:8,1
DA:9,1
DA:10,1
DA:13,1
DA:15,1
LF:10
LH:10
BRF:0
BRH:0
end_of_record
TN:
SF:C:\Users\ChuksJoe\Desktop\NODE.JS APPS\archangel-backend\src\services/authServices.js
FN:10,(anonymous_7)
FN:10,_callee
FN:18,(anonymous_11)
FN:18,_callee2
FN:34,findUserByEmail
FN:42,comparePassword
FN:44,(anonymous_17)
FN:44,_callee3
FNF:8
FNH:7
FNDA:4,(anonymous_7)
FNDA:12,_callee
FNDA:1,(anonymous_11)
FNDA:0,_callee2
FNDA:20,findUserByEmail
FNDA:4,comparePassword
FNDA:2,(anonymous_17)
FNDA:4,_callee3
DA:1,1
DA:2,1
DA:3,1
DA:5,1
DA:7,1
DA:9,1
DA:10,36
DA:18,2
DA:34,20
DA:42,4
DA:44,12
LF:11
LH:11
BRDA:10,0,0,3
BRDA:10,0,1,3
BRDA:10,0,2,0
BRDA:10,0,3,0
BRDA:10,0,4,3
BRDA:18,1,0,0
BRDA:18,1,1,0
BRDA:18,1,2,0
BRDA:18,1,3,0
BRDA:18,1,4,0
BRDA:44,2,0,1
BRDA:44,2,1,1
BRDA:44,2,2,0
BRDA:44,2,3,0
BRDA:44,2,4,1
BRF:15
BRH:6
end_of_record
TN:
SF:C:\Users\ChuksJoe\Desktop\NODE.JS APPS\archangel-backend\src\services/commentServices.js
FN:9,(anonymous_7)
FN:9,_callee
FNF:2
FNH:2
FNDA:2,(anonymous_7)
FNDA:4,_callee
DA:1,1
DA:2,1
DA:4,1
DA:6,1
DA:8,1
DA:9,12
LF:6
LH:6
BRDA:9,0,0,1
BRDA:9,0,1,1
BRDA:9,0,2,0
BRDA:9,0,3,0
BRDA:9,0,4,1
BRF:5
BRH:3
end_of_record
TN:
SF:C:\Users\ChuksJoe\Desktop\NODE.JS APPS\archangel-backend\src\services/travelServices.js
FN:9,(anonymous_7)
FN:9,_callee
FN:16,(anonymous_11)
FN:16,_callee2
FNF:4
FNH:4
FNDA:2,(anonymous_7)
FNDA:4,_callee
FNDA:5,(anonymous_11)
FNDA:16,_callee2
DA:1,1
DA:2,1
DA:4,1
DA:6,1
DA:8,1
DA:9,12
DA:16,50
LF:7
LH:7
BRDA:9,0,0,1
BRDA:9,0,1,1
BRDA:9,0,2,0
BRDA:9,0,3,0
BRDA:9,0,4,1
BRDA:16,1,0,4
BRDA:16,1,1,3
BRDA:16,1,2,1
BRDA:16,1,3,0
BRDA:16,1,4,4
BRF:10
BRH:7
end_of_record
TN:
SF:C:\Users\ChuksJoe\Desktop\NODE.JS APPS\archangel-backend\src\tests/authTest.js
FN:14,(anonymous_2)
FN:21,(anonymous_3)
FN:26,(anonymous_4)
FN:37,(anonymous_5)
FN:44,(anonymous_6)
FN:51,(anonymous_7)
FN:58,(anonymous_8)
FN:65,(anonymous_9)
FN:69,(anonymous_10)
FN:76,(anonymous_11)
FN:84,(anonymous_12)
FN:91,(anonymous_13)
FN:99,(anonymous_14)
FN:106,(anonymous_15)
FN:114,(anonymous_16)
FN:121,(anonymous_17)
FN:129,(anonymous_18)
FN:138,(anonymous_19)
FN:146,(anonymous_20)
FN:153,(anonymous_21)
FN:162,(anonymous_22)
FN:170,(anonymous_23)
FN:177,(anonymous_24)
FN:184,(anonymous_25)
FN:193,(anonymous_26)
FN:200,(anonymous_27)
FN:209,(anonymous_28)
FN:217,(anonymous_29)
FN:226,(anonymous_30)
FN:232,(anonymous_31)
FN:240,(anonymous_32)
FN:245,(anonymous_33)
FN:255,(anonymous_34)
FN:263,(anonymous_35)
FN:268,(anonymous_36)
FN:274,(anonymous_37)
FN:277,(anonymous_38)
FN:282,(anonymous_39)
FN:286,(anonymous_40)
FN:291,(anonymous_41)
FN:295,(anonymous_42)
FNF:41
FNH:41
FNDA:1,(anonymous_2)
FNDA:1,(anonymous_3)
FNDA:1,(anonymous_4)
FNDA:1,(anonymous_5)
FNDA:1,(anonymous_6)
FNDA:1,(anonymous_7)
FNDA:1,(anonymous_8)
FNDA:1,(anonymous_9)
FNDA:1,(anonymous_10)
FNDA:1,(anonymous_11)
FNDA:1,(anonymous_12)
FNDA:1,(anonymous_13)
FNDA:1,(anonymous_14)
FNDA:1,(anonymous_15)
FNDA:1,(anonymous_16)
FNDA:1,(anonymous_17)
FNDA:1,(anonymous_18)
FNDA:1,(anonymous_19)
FNDA:1,(anonymous_20)
FNDA:1,(anonymous_21)
FNDA:1,(anonymous_22)
FNDA:1,(anonymous_23)
FNDA:1,(anonymous_24)
FNDA:1,(anonymous_25)
FNDA:1,(anonymous_26)
FNDA:1,(anonymous_27)
FNDA:1,(anonymous_28)
FNDA:1,(anonymous_29)
FNDA:1,(anonymous_30)
FNDA:1,(anonymous_31)
FNDA:1,(anonymous_32)
FNDA:1,(anonymous_33)
FNDA:1,(anonymous_34)
FNDA:1,(anonymous_35)
FNDA:1,(anonymous_36)
FNDA:1,(anonymous_37)
FNDA:1,(anonymous_38)
FNDA:1,(anonymous_39)
FNDA:1,(anonymous_40)
FNDA:1,(anonymous_41)
FNDA:1,(anonymous_42)
DA:2,1
DA:3,1
DA:4,1
DA:6,1
DA:8,1
DA:10,1
DA:12,1
DA:14,1
DA:15,1
DA:21,1
DA:22,1
DA:27,1
DA:28,1
DA:29,1
DA:34,1
DA:37,1
DA:38,1
DA:39,1
DA:41,1
DA:45,1
DA:46,1
DA:48,1
DA:51,1
DA:52,1
DA:53,1
DA:55,1
DA:59,1
DA:60,1
DA:62,1
DA:65,1
DA:66,1
DA:70,1
DA:71,1
DA:73,1
DA:76,1
DA:77,1
DA:78,1
DA:79,1
DA:81,1
DA:85,1
DA:86,1
DA:88,1
DA:91,1
DA:92,1
DA:93,1
DA:94,1
DA:96,1
DA:100,1
DA:101,1
DA:103,1
DA:106,1
DA:107,1
DA:108,1
DA:109,1
DA:111,1
DA:115,1
DA:116,1
DA:118,1
DA:121,1
DA:122,1
DA:123,1
DA:124,1
DA:126,1
DA:130,1
DA:131,1
DA:133,1
DA:138,1
DA:139,1
DA:141,1
DA:146,1
DA:147,1
DA:148,1
DA:150,1
DA:154,1
DA:155,1
DA:156,1
DA:158,1
DA:162,1
DA:163,1
DA:164,1
DA:166,1
DA:171,1
DA:172,1
DA:173,1
DA:177,1
DA:178,1
DA:179,1
DA:181,1
DA:185,1
DA:186,1
DA:187,1
DA:189,1
DA:193,1
DA:194,1
DA:195,1
DA:197,1
DA:201,1
DA:202,1
DA:203,1
DA:205,1
DA:209,1
DA:210,1
DA:211,1
DA:213,1
DA:218,1
DA:219,1
DA:220,1
DA:222,1
DA:226,1
DA:228,1
DA:233,1
DA:234,1
DA:235,1
DA:236,1
DA:240,1
DA:242,1
DA:246,1
DA:247,1
DA:248,1
DA:255,1
DA:256,1
DA:263,1
DA:264,1
DA:269,1
DA:270,1
DA:271,1
DA:274,1
DA:275,1
DA:278,1
DA:279,1
DA:282,1
DA:283,1
DA:287,1
DA:288,1
DA:291,1
DA:292,1
DA:296,1
DA:297,1
LF:138
LH:138
BRF:0
BRH:0
end_of_record
TN:
SF:C:\Users\ChuksJoe\Desktop\NODE.JS APPS\archangel-backend\src\tests/commentTest.js
FN:16,(anonymous_2)
FN:27,(anonymous_3)
FN:32,(anonymous_4)
FN:39,(anonymous_5)
FN:45,(anonymous_6)
FN:51,(anonymous_7)
FN:59,(anonymous_8)
FN:66,(anonymous_9)
FN:74,(anonymous_10)
FN:81,(anonymous_11)
FN:87,(anonymous_12)
FN:94,(anonymous_13)
FN:100,(anonymous_14)
FN:107,(anonymous_15)
FN:115,(anonymous_16)
FNF:15
FNH:15
FNDA:1,(anonymous_2)
FNDA:1,(anonymous_3)
FNDA:1,(anonymous_4)
FNDA:1,(anonymous_5)
FNDA:1,(anonymous_6)
FNDA:1,(anonymous_7)
FNDA:1,(anonymous_8)
FNDA:1,(anonymous_9)
FNDA:1,(anonymous_10)
FNDA:1,(anonymous_11)
FNDA:1,(anonymous_12)
FNDA:1,(anonymous_13)
FNDA:1,(anonymous_14)
FNDA:1,(anonymous_15)
FNDA:1,(anonymous_16)
DA:2,1
DA:3,1
DA:4,1
DA:6,1
DA:7,1
DA:9,1
DA:11,1
DA:12,1
DA:16,1
DA:17,1
DA:21,1
DA:25,1
DA:27,1
DA:28,1
DA:33,1
DA:34,1
DA:35,1
DA:36,1
DA:39,1
DA:40,1
DA:46,1
DA:47,1
DA:48,1
DA:51,1
DA:52,1
DA:53,1
DA:54,1
DA:60,1
DA:61,1
DA:63,1
DA:66,1
DA:67,1
DA:68,1
DA:69,1
DA:75,1
DA:76,1
DA:78,1
DA:81,1
DA:82,1
DA:88,1
DA:89,1
DA:91,1
DA:94,1
DA:95,1
DA:101,1
DA:102,1
DA:104,1
DA:107,1
DA:108,1
DA:109,1
DA:110,1
DA:116,1
DA:117,1
DA:119,1
LF:54
LH:54
BRF:0
BRH:0
end_of_record
TN:
SF:C:\Users\ChuksJoe\Desktop\NODE.JS APPS\archangel-backend\src\tests/index.js
FN:4,(anonymous_1)
FN:5,(anonymous_2)
FN:9,(anonymous_3)
FNF:3
FNH:3
FNDA:1,(anonymous_1)
FNDA:1,(anonymous_2)
FNDA:1,(anonymous_3)
DA:1,1
DA:2,1
DA:4,1
DA:5,1
DA:6,1
DA:9,1
DA:10,1
LF:7
LH:7
BRF:0
BRH:0
end_of_record
TN:
SF:C:\Users\ChuksJoe\Desktop\NODE.JS APPS\archangel-backend\src\tests/travelTest.js
FN:17,(anonymous_2)
FN:33,(anonymous_3)
FN:38,(anonymous_4)
FN:46,(anonymous_5)
FN:52,(anonymous_6)
FN:58,(anonymous_7)
FN:62,(anonymous_8)
FN:67,(anonymous_9)
FN:75,(anonymous_10)
FN:82,(anonymous_11)
FN:89,(anonymous_12)
FN:96,(anonymous_13)
FN:104,(anonymous_14)
FN:111,(anonymous_15)
FN:119,(anonymous_16)
FN:126,(anonymous_17)
FN:134,(anonymous_18)
FN:141,(anonymous_19)
FN:149,(anonymous_20)
FNF:19
FNH:19
FNDA:1,(anonymous_2)
FNDA:1,(anonymous_3)
FNDA:1,(anonymous_4)
FNDA:1,(anonymous_5)
FNDA:1,(anonymous_6)
FNDA:1,(anonymous_7)
FNDA:1,(anonymous_8)
FNDA:1,(anonymous_9)
FNDA:1,(anonymous_10)
FNDA:1,(anonymous_11)
FNDA:1,(anonymous_12)
FNDA:1,(anonymous_13)
FNDA:1,(anonymous_14)
FNDA:1,(anonymous_15)
FNDA:1,(anonymous_16)
FNDA:1,(anonymous_17)
FNDA:1,(anonymous_18)
FNDA:1,(anonymous_19)
FNDA:1,(anonymous_20)
DA:2,1
DA:3,1
DA:4,1
DA:5,1
DA:7,1
DA:9,1
DA:11,1
DA:13,1
DA:17,1
DA:18,1
DA:25,1
DA:33,1
DA:34,1
DA:39,1
DA:40,1
DA:41,1
DA:42,1
DA:46,1
DA:47,1
DA:53,1
DA:54,1
DA:58,1
DA:59,1
DA:63,1
DA:64,1
DA:67,1
DA:68,1
DA:69,1
DA:71,1
DA:76,1
DA:77,1
DA:79,1
DA:82,1
DA:83,1
DA:84,1
DA:85,1
DA:90,1
DA:91,1
DA:93,1
DA:96,1
DA:97,1
DA:98,1
DA:100,1
DA:105,1
DA:106,1
DA:108,1
DA:111,1
DA:112,1
DA:113,1
DA:115,1
DA:120,1
DA:121,1
DA:123,1
DA:126,1
DA:127,1
DA:128,1
DA:130,1
DA:135,1
DA:136,1
DA:138,1
DA:141,1
DA:142,1
DA:143,1
DA:145,1
DA:150,1
DA:151,1
DA:153,1
LF:67
LH:67
BRF:0
BRH:0
end_of_record
TN:
SF:C:\Users\ChuksJoe\Desktop\NODE.JS APPS\archangel-backend\src\utils/ApiErrors.js
FN:5,ApiErrors
FNF:1
FNH:1
FNDA:2,ApiErrors
DA:5,4
DA:6,2
DA:8,2
DA:9,2
LF:4
LH:4
BRF:0
BRH:0
end_of_record
TN:
SF:C:\Users\ChuksJoe\Desktop\NODE.JS APPS\archangel-backend\src\utils/index.js
FN:2,testFunction
FN:3,testBabel
FNF:2
FNH:2
FNDA:1,testFunction
FNDA:1,testBabel
DA:1,1
DA:2,1
DA:5,1
DA:6,1
DA:8,1
LF:5
LH:5
BRF:0
BRH:0
end_of_record
TN:
SF:C:\Users\ChuksJoe\Desktop\NODE.JS APPS\archangel-backend\src\utils/messageUtils.js
FN:8,signupSuccess
FN:14,usedEmail
FN:31,unregisteredEmail
FN:40,userEmailNotFound
FN:41,userIdNotFound
FNF:5
FNH:4
FNDA:3,signupSuccess
FNDA:1,usedEmail
FNDA:2,unregisteredEmail
FNDA:1,userEmailNotFound
FNDA:0,userIdNotFound
DA:2,1
DA:8,3
DA:14,1
DA:31,2
DA:40,1
DA:41,0
LF:6
LH:5
BRF:0
BRH:0
end_of_record
TN:
SF:C:\Users\ChuksJoe\Desktop\NODE.JS APPS\archangel-backend\src\utils/response.js
FN:10,successResponse
FN:14,successResponseWithData
FN:19,errorResponse
FNF:3
FNH:3
FNDA:1,successResponse
FNDA:8,successResponseWithData
FNDA:26,errorResponse
DA:9,1
DA:10,1
DA:14,8
DA:19,26
LF:4
LH:4
BRF:0
BRH:0
end_of_record
TN:
SF:C:\Users\ChuksJoe\Desktop\NODE.JS APPS\archangel-backend\src\utils/statusCode.js
FNF:0
FNH:0
DA:1,1
LF:1
LH:1
BRF:0
BRH:0
end_of_record
TN:
SF:C:\Users\ChuksJoe\Desktop\NODE.JS APPS\archangel-backend\src\validation/authValidation.js
FN:19,(anonymous_1)
FN:20,(anonymous_2)
FN:50,validateResult
FN:54,(anonymous_4)
FNF:4
FNH:4
FNDA:10,(anonymous_1)
FNDA:9,(anonymous_2)
FNDA:18,validateResult
FNDA:14,(anonymous_4)
DA:1,1
DA:3,1
DA:4,1
DA:5,1
DA:6,1
DA:8,1
DA:10,1
DA:12,1
DA:19,10
DA:21,9
DA:22,1
DA:51,18
DA:52,18
DA:53,10
DA:54,10
DA:55,14
DA:57,10
DA:59,8
LF:18
LH:18
BRDA:21,0,0,1
BRDA:21,0,1,8
BRDA:52,1,0,10
BRDA:52,1,1,8
BRF:4
BRH:4
end_of_record
TN:
SF:C:\Users\ChuksJoe\Desktop\NODE.JS APPS\archangel-backend\src\validation/commentValidation.js
FN:18,(anonymous_1)
FN:19,(anonymous_2)
FN:28,validateResult
FNF:3
FNH:3
FNDA:4,(anonymous_1)
FNDA:3,(anonymous_2)
FNDA:4,validateResult
DA:1,1
DA:3,1
DA:5,1
DA:6,1
DA:7,1
DA:9,1
DA:10,1
DA:13,1
DA:18,4
DA:20,3
DA:21,1
DA:29,4
DA:30,4
DA:31,3
DA:33,1
LF:15
LH:15
BRDA:20,0,0,1
BRDA:20,0,1,2
BRDA:30,1,0,3
BRDA:30,1,1,1
BRF:4
BRH:4
end_of_record
TN:
SF:C:\Users\ChuksJoe\Desktop\NODE.JS APPS\archangel-backend\src\validation/travelValidation.js
FN:23,validateResult
FN:27,(anonymous_2)
FNF:2
FNH:2
FNDA:7,validateResult
FNDA:8,(anonymous_2)
DA:1,1
DA:4,1
DA:5,1
DA:6,1
DA:8,1
DA:10,1
DA:24,7
DA:25,7
DA:26,6
DA:27,6
DA:28,8
DA:30,6
DA:32,1
LF:13
LH:13
BRDA:25,0,0,6
BRDA:25,0,1,1
BRF:2
BRH:2
end_of_record
